TN:
SF:/Users/deven.phillipsibm.com/tmp/test-project/src/layouts/MainLayout.vue
FN:54,data
FNF:1
FNH:0
FNDA:0,data
DA:45,0
DA:55,0
LF:2
LH:0
BRF:0
BRH:0
end_of_record
TN:
SF:/Users/deven.phillipsibm.com/tmp/test-project/src/router/index.js
FN:17,(anonymous_0)
FN:19,(anonymous_1)
FNF:2
FNH:0
FNDA:0,(anonymous_0)
FNDA:0,(anonymous_1)
DA:6,0
DA:18,0
DA:19,0
DA:29,0
LF:4
LH:0
BRF:0
BRH:0
end_of_record
TN:
SF:/Users/deven.phillipsibm.com/tmp/test-project/src/router/routes.js
FN:5,(anonymous_0)
FN:7,(anonymous_1)
FN:16,(anonymous_2)
FNF:3
FNH:0
FNDA:0,(anonymous_0)
FNDA:0,(anonymous_1)
FNDA:0,(anonymous_2)
DA:2,0
DA:5,0
DA:7,0
DA:13,0
DA:14,0
DA:16,0
LF:6
LH:0
BRDA:13,0,0,0
BRDA:13,0,1,0
BRF:2
BRH:0
end_of_record
